20230924	09:40:08	e8efdaef-8bb1-4dcb-b1fe-c8fcf497456a	undefined: undefined	undefined	undefined
20230926	22:00:57	33174445-2371-4e5f-98c5-5aaa35f939af	undefined: undefined	undefined	undefined
20230926	22:17:17	f1ca6f3f-e9dc-49bf-8250-b8c73c47aded	undefined: undefined	undefined	undefined
20230926	22:27:22	4d0abfc3-7531-41b5-a0ca-c22c501968af	undefined: undefined	undefined	undefined
20230926	22:28:13	8c62bfe8-5f5f-42de-ae5d-85014ca17379	undefined: undefined	undefined	undefined
20231014	08:51:42	a109e59a-2f66-4414-995a-a71a24e4c684	undefined: ETIMEOUT	querySrv	_mongodb._tcp.fooddelivery.dxqolfl.mongodb.net
20231015	09:04:09	617b3733-b82d-4ec2-ab15-b94839791d75	undefined: ECONNREFUSED	querySrv	_mongodb._tcp.fooddelivery.dxqolfl.mongodb.net
20231015	09:06:35	a74cd92a-9211-4a41-8eb8-f02d85297ba2	undefined: ECONNREFUSED	querySrv	_mongodb._tcp.fooddelivery.dxqolfl.mongodb.net
20231015	15:19:01	9ea25dab-82ae-4a4e-8bda-61fa84e3cfe0	undefined: ECONNREFUSED	querySrv	_mongodb._tcp.cluster0.fsx5tlz.mongodb.net
20240315	16:22:40	91306115-eeab-41a0-8ab4-8cd4db98e1e2	undefined: undefined	undefined	undefined
20240316	18:54:42	39888250-3d71-4de5-b7eb-2883ea82c230	undefined: undefined	undefined	undefined
20240316	20:36:41	021e3631-6652-438e-92a6-742f41144df2	undefined: ETIMEOUT	querySrv	_mongodb._tcp.mycourses.xnxkqli.mongodb.net
20240316	20:37:24	f890d5f6-70af-4bc9-91e2-1c78116739af	undefined: ETIMEOUT	querySrv	_mongodb._tcp.mycourses.xnxkqli.mongodb.net
20240316	20:38:16	49312206-e0a6-4f7c-b4d6-0f04c71b8c77	undefined: ETIMEOUT	querySrv	_mongodb._tcp.mycourses.xnxkqli.mongodb.net
20240316	20:40:16	8bdea449-47c7-4cc5-af3b-122c91418450	undefined: ETIMEOUT	querySrv	_mongodb._tcp.mycourses.xnxkqli.mongodb.net
20240316	20:46:04	1276eeff-3657-4c5f-a1d8-eda80028536c	undefined: ETIMEOUT	querySrv	_mongodb._tcp.mycourses.xnxkqli.mongodb.net
20240316	20:46:43	94491f89-2f25-4ac4-b865-1737969c1e3b	undefined: ETIMEOUT	querySrv	_mongodb._tcp.mycourses.xnxkqli.mongodb.net
20240316	20:52:11	ad035472-f765-49bd-b943-6a0d65f6d46d	undefined: ETIMEOUT	querySrv	_mongodb._tcp.mycourses.xnxkqli.mongodb.net
20240316	20:52:58	9417572a-74ff-47eb-b8aa-9caf01f9dfa2	undefined: ETIMEOUT	querySrv	_mongodb._tcp.mycourses.xnxkqli.mongodb.net
20240317	10:32:18	e44e6af0-b72e-4acb-80fc-43be5fb2f735	undefined: ECONNREFUSED	querySrv	_mongodb._tcp.mycourses.xnxkqli.mongodb.net
20240317	17:43:02	53a0584f-6241-41ff-8582-baf170ea3168	undefined: undefined	undefined	undefined
20240317	17:44:04	276dd008-f134-4a91-b36c-ca7f3dd402be	undefined: undefined	undefined	undefined
20240420	13:40:57	9c5cb805-826e-4d99-82ee-373858bcdf6c	undefined: undefined	undefined	undefined
20240420	13:41:55	2697db67-069d-4304-b4b3-43932ecefa32	undefined: undefined	undefined	undefined
20240420	13:44:12	61ac892f-9216-474f-a923-55ff8fff9ab9	undefined: undefined	undefined	undefined
20240420	15:37:50	be5a5b67-81b8-4600-8085-e2def09edfa8	undefined: undefined	undefined	undefined
